{"/home/nicolas/Repositories/Personal/2025s2-property-based-testing/user-crud-app/src/app.controller.ts": {"path":"/home/nicolas/Repositories/Personal/2025s2-property-based-testing/user-crud-app/src/app.controller.ts","statementMap":{"0":{"start":{"line":1,"column":0},"end":{"line":1,"column":49}},"1":{"start":{"line":2,"column":0},"end":{"line":2,"column":43}},"2":{"start":{"line":5,"column":7},"end":{"line":12,"column":null}},"3":{"start":{"line":6,"column":31},"end":{"line":6,"column":43}},"4":{"start":{"line":10,"column":4},"end":{"line":10,"column":38}},"5":{"start":{"line":5,"column":13},"end":{"line":5,"column":26}},"6":{"start":{"line":9,"column":2},"end":{"line":11,"column":null}},"7":{"start":{"line":5,"column":13},"end":{"line":12,"column":null}}},"fnMap":{"0":{"name":"(anonymous_2)","decl":{"start":{"line":6,"column":2},"end":{"line":6,"column":31}},"loc":{"start":{"line":6,"column":53},"end":{"line":6,"column":57}}},"1":{"name":"(anonymous_3)","decl":{"start":{"line":9,"column":2},"end":{"line":9,"column":10}},"loc":{"start":{"line":9,"column":10},"end":{"line":11,"column":3}}}},"branchMap":{"0":{"loc":{"start":{"line":6,"column":43},"end":{"line":6,"column":56}},"type":"cond-expr","locations":[{"start":{"line":6,"column":53},"end":{"line":6,"column":56}},{"start":{"line":6,"column":53},"end":{"line":6,"column":56}}]},"1":{"loc":{"start":{"line":6,"column":43},"end":{"line":6,"column":53}},"type":"binary-expr","locations":[{"start":{"line":6,"column":43},"end":{"line":6,"column":56}},{"start":{"line":6,"column":43},"end":{"line":6,"column":53}}]}},"s":{"0":1,"1":1,"2":1,"3":0,"4":0,"5":1,"6":1,"7":1},"f":{"0":0,"1":0},"b":{"0":[1,0],"1":[1,1]}}
,"/home/nicolas/Repositories/Personal/2025s2-property-based-testing/user-crud-app/src/app.module.ts": {"path":"/home/nicolas/Repositories/Personal/2025s2-property-based-testing/user-crud-app/src/app.module.ts","statementMap":{"0":{"start":{"line":1,"column":0},"end":{"line":1,"column":40}},"1":{"start":{"line":2,"column":0},"end":{"line":2,"column":49}},"2":{"start":{"line":3,"column":0},"end":{"line":3,"column":43}},"3":{"start":{"line":4,"column":0},"end":{"line":4,"column":51}},"4":{"start":{"line":11,"column":7},"end":{"line":11,"column":null}},"5":{"start":{"line":11,"column":13},"end":{"line":11,"column":22}},"6":{"start":{"line":11,"column":13},"end":{"line":11,"column":null}}},"fnMap":{},"branchMap":{},"s":{"0":0,"1":0,"2":0,"3":0,"4":0,"5":0,"6":0},"f":{},"b":{}}
,"/home/nicolas/Repositories/Personal/2025s2-property-based-testing/user-crud-app/src/app.service.ts": {"path":"/home/nicolas/Repositories/Personal/2025s2-property-based-testing/user-crud-app/src/app.service.ts","statementMap":{"0":{"start":{"line":1,"column":0},"end":{"line":1,"column":44}},"1":{"start":{"line":4,"column":7},"end":{"line":8,"column":null}},"2":{"start":{"line":6,"column":4},"end":{"line":6,"column":26}},"3":{"start":{"line":4,"column":13},"end":{"line":4,"column":23}},"4":{"start":{"line":4,"column":13},"end":{"line":8,"column":null}}},"fnMap":{"0":{"name":"(anonymous_1)","decl":{"start":{"line":5,"column":2},"end":{"line":5,"column":10}},"loc":{"start":{"line":5,"column":10},"end":{"line":7,"column":3}}}},"branchMap":{},"s":{"0":1,"1":1,"2":0,"3":1,"4":1},"f":{"0":0},"b":{}}
,"/home/nicolas/Repositories/Personal/2025s2-property-based-testing/user-crud-app/src/main.ts": {"path":"/home/nicolas/Repositories/Personal/2025s2-property-based-testing/user-crud-app/src/main.ts","statementMap":{"0":{"start":{"line":1,"column":0},"end":{"line":1,"column":43}},"1":{"start":{"line":2,"column":0},"end":{"line":2,"column":48}},"2":{"start":{"line":3,"column":0},"end":{"line":3,"column":41}},"3":{"start":{"line":6,"column":14},"end":{"line":6,"column":49}},"4":{"start":{"line":9,"column":2},"end":{"line":15,"column":4}},"5":{"start":{"line":17,"column":2},"end":{"line":17,"column":45}},"6":{"start":{"line":18,"column":2},"end":{"line":18,"column":66}},"7":{"start":{"line":21,"column":0},"end":{"line":21,"column":17}}},"fnMap":{"0":{"name":"bootstrap","decl":{"start":{"line":5,"column":15},"end":{"line":5,"column":24}},"loc":{"start":{"line":5,"column":24},"end":{"line":19,"column":1}}}},"branchMap":{"0":{"loc":{"start":{"line":17,"column":19},"end":{"line":17,"column":43}},"type":"binary-expr","locations":[{"start":{"line":17,"column":19},"end":{"line":17,"column":35}},{"start":{"line":17,"column":39},"end":{"line":17,"column":43}}]}},"s":{"0":0,"1":0,"2":0,"3":0,"4":0,"5":0,"6":0,"7":0},"f":{"0":0},"b":{"0":[0,0]}}
,"/home/nicolas/Repositories/Personal/2025s2-property-based-testing/user-crud-app/src/users/users.module.ts": {"path":"/home/nicolas/Repositories/Personal/2025s2-property-based-testing/user-crud-app/src/users/users.module.ts","statementMap":{"0":{"start":{"line":1,"column":0},"end":{"line":1,"column":40}},"1":{"start":{"line":2,"column":0},"end":{"line":2,"column":null}},"2":{"start":{"line":9,"column":0},"end":{"line":9,"column":59}},"3":{"start":{"line":10,"column":0},"end":{"line":10,"column":79}},"4":{"start":{"line":11,"column":0},"end":{"line":11,"column":64}},"5":{"start":{"line":12,"column":0},"end":{"line":12,"column":64}},"6":{"start":{"line":29,"column":7},"end":{"line":29,"column":null}},"7":{"start":{"line":29,"column":13},"end":{"line":29,"column":24}},"8":{"start":{"line":29,"column":13},"end":{"line":29,"column":null}}},"fnMap":{},"branchMap":{},"s":{"0":0,"1":0,"2":0,"3":0,"4":0,"5":0,"6":0,"7":0,"8":0},"f":{},"b":{}}
,"/home/nicolas/Repositories/Personal/2025s2-property-based-testing/user-crud-app/src/users/application/use-cases.ts": {"path":"/home/nicolas/Repositories/Personal/2025s2-property-based-testing/user-crud-app/src/users/application/use-cases.ts","statementMap":{"0":{"start":{"line":1,"column":0},"end":{"line":1,"column":52}},"1":{"start":{"line":8,"column":0},"end":{"line":8,"column":60}},"2":{"start":{"line":11,"column":7},"end":{"line":26,"column":null}},"3":{"start":{"line":14,"column":21},"end":{"line":14,"column":51}},"4":{"start":{"line":19,"column":25},"end":{"line":19,"column":74}},"5":{"start":{"line":20,"column":4},"end":{"line":22,"column":5}},"6":{"start":{"line":21,"column":6},"end":{"line":21,"column":61}},"7":{"start":{"line":24,"column":4},"end":{"line":24,"column":44}},"8":{"start":{"line":11,"column":13},"end":{"line":11,"column":30}},"9":{"start":{"line":11,"column":13},"end":{"line":26,"column":null}},"10":{"start":{"line":29,"column":7},"end":{"line":38,"column":null}},"11":{"start":{"line":32,"column":21},"end":{"line":32,"column":51}},"12":{"start":{"line":36,"column":4},"end":{"line":36,"column":41}},"13":{"start":{"line":29,"column":13},"end":{"line":29,"column":31}},"14":{"start":{"line":29,"column":13},"end":{"line":38,"column":null}},"15":{"start":{"line":41,"column":7},"end":{"line":54,"column":null}},"16":{"start":{"line":44,"column":21},"end":{"line":44,"column":51}},"17":{"start":{"line":48,"column":17},"end":{"line":48,"column":55}},"18":{"start":{"line":49,"column":4},"end":{"line":51,"column":5}},"19":{"start":{"line":50,"column":6},"end":{"line":50,"column":40}},"20":{"start":{"line":52,"column":4},"end":{"line":52,"column":16}},"21":{"start":{"line":41,"column":13},"end":{"line":41,"column":31}},"22":{"start":{"line":41,"column":13},"end":{"line":54,"column":null}},"23":{"start":{"line":57,"column":7},"end":{"line":80,"column":null}},"24":{"start":{"line":60,"column":21},"end":{"line":60,"column":51}},"25":{"start":{"line":65,"column":25},"end":{"line":65,"column":63}},"26":{"start":{"line":66,"column":4},"end":{"line":68,"column":5}},"27":{"start":{"line":67,"column":6},"end":{"line":67,"column":40}},"28":{"start":{"line":71,"column":4},"end":{"line":76,"column":5}},"29":{"start":{"line":72,"column":28},"end":{"line":72,"column":77}},"30":{"start":{"line":73,"column":6},"end":{"line":75,"column":7}},"31":{"start":{"line":74,"column":8},"end":{"line":74,"column":48}},"32":{"start":{"line":78,"column":4},"end":{"line":78,"column":48}},"33":{"start":{"line":57,"column":13},"end":{"line":57,"column":30}},"34":{"start":{"line":57,"column":13},"end":{"line":80,"column":null}},"35":{"start":{"line":83,"column":7},"end":{"line":97,"column":null}},"36":{"start":{"line":86,"column":21},"end":{"line":86,"column":51}},"37":{"start":{"line":90,"column":17},"end":{"line":90,"column":55}},"38":{"start":{"line":91,"column":4},"end":{"line":93,"column":5}},"39":{"start":{"line":92,"column":6},"end":{"line":92,"column":40}},"40":{"start":{"line":95,"column":4},"end":{"line":95,"column":41}},"41":{"start":{"line":83,"column":13},"end":{"line":83,"column":30}},"42":{"start":{"line":83,"column":13},"end":{"line":97,"column":null}}},"fnMap":{"0":{"name":"(anonymous_4)","decl":{"start":{"line":12,"column":2},"end":{"line":12,"column":null}},"loc":{"start":{"line":14,"column":51},"end":{"line":15,"column":6}}},"1":{"name":"(anonymous_5)","decl":{"start":{"line":17,"column":2},"end":{"line":17,"column":7}},"loc":{"start":{"line":17,"column":36},"end":{"line":25,"column":3}}},"2":{"name":"(anonymous_6)","decl":{"start":{"line":30,"column":2},"end":{"line":30,"column":null}},"loc":{"start":{"line":32,"column":51},"end":{"line":33,"column":6}}},"3":{"name":"(anonymous_7)","decl":{"start":{"line":35,"column":2},"end":{"line":35,"column":7}},"loc":{"start":{"line":35,"column":15},"end":{"line":37,"column":3}}},"4":{"name":"(anonymous_8)","decl":{"start":{"line":42,"column":2},"end":{"line":42,"column":null}},"loc":{"start":{"line":44,"column":51},"end":{"line":45,"column":6}}},"5":{"name":"(anonymous_9)","decl":{"start":{"line":47,"column":2},"end":{"line":47,"column":7}},"loc":{"start":{"line":47,"column":26},"end":{"line":53,"column":3}}},"6":{"name":"(anonymous_10)","decl":{"start":{"line":58,"column":2},"end":{"line":58,"column":null}},"loc":{"start":{"line":60,"column":51},"end":{"line":61,"column":6}}},"7":{"name":"(anonymous_11)","decl":{"start":{"line":63,"column":2},"end":{"line":63,"column":7}},"loc":{"start":{"line":63,"column":48},"end":{"line":79,"column":3}}},"8":{"name":"(anonymous_12)","decl":{"start":{"line":84,"column":2},"end":{"line":84,"column":null}},"loc":{"start":{"line":86,"column":51},"end":{"line":87,"column":6}}},"9":{"name":"(anonymous_13)","decl":{"start":{"line":89,"column":2},"end":{"line":89,"column":7}},"loc":{"start":{"line":89,"column":26},"end":{"line":96,"column":3}}}},"branchMap":{"0":{"loc":{"start":{"line":20,"column":4},"end":{"line":22,"column":5}},"type":"if","locations":[{"start":{"line":20,"column":4},"end":{"line":22,"column":5}},{"start":{},"end":{}}]},"1":{"loc":{"start":{"line":49,"column":4},"end":{"line":51,"column":5}},"type":"if","locations":[{"start":{"line":49,"column":4},"end":{"line":51,"column":5}},{"start":{},"end":{}}]},"2":{"loc":{"start":{"line":66,"column":4},"end":{"line":68,"column":5}},"type":"if","locations":[{"start":{"line":66,"column":4},"end":{"line":68,"column":5}},{"start":{},"end":{}}]},"3":{"loc":{"start":{"line":71,"column":4},"end":{"line":76,"column":5}},"type":"if","locations":[{"start":{"line":71,"column":4},"end":{"line":76,"column":5}},{"start":{},"end":{}}]},"4":{"loc":{"start":{"line":71,"column":8},"end":{"line":71,"column":55}},"type":"binary-expr","locations":[{"start":{"line":71,"column":8},"end":{"line":71,"column":18}},{"start":{"line":71,"column":22},"end":{"line":71,"column":55}}]},"5":{"loc":{"start":{"line":73,"column":6},"end":{"line":75,"column":7}},"type":"if","locations":[{"start":{"line":73,"column":6},"end":{"line":75,"column":7}},{"start":{},"end":{}}]},"6":{"loc":{"start":{"line":91,"column":4},"end":{"line":93,"column":5}},"type":"if","locations":[{"start":{"line":91,"column":4},"end":{"line":93,"column":5}},{"start":{},"end":{}}]}},"s":{"0":2,"1":2,"2":2,"3":180,"4":180,"5":180,"6":50,"7":130,"8":2,"9":2,"10":2,"11":60,"12":60,"13":2,"14":2,"15":2,"16":130,"17":130,"18":130,"19":50,"20":80,"21":2,"22":2,"23":2,"24":110,"25":110,"26":110,"27":0,"28":110,"29":60,"30":60,"31":30,"32":80,"33":2,"34":2,"35":2,"36":100,"37":100,"38":100,"39":50,"40":50,"41":2,"42":2},"f":{"0":180,"1":180,"2":60,"3":60,"4":130,"5":130,"6":110,"7":110,"8":100,"9":100},"b":{"0":[50,130],"1":[50,80],"2":[0,110],"3":[60,50],"4":[110,60],"5":[30,30],"6":[50,50]}}
,"/home/nicolas/Repositories/Personal/2025s2-property-based-testing/user-crud-app/src/users/domain/user.entity.ts": {"path":"/home/nicolas/Repositories/Personal/2025s2-property-based-testing/user-crud-app/src/users/domain/user.entity.ts","statementMap":{"0":{"start":{"line":3,"column":20},"end":{"line":3,"column":30}},"1":{"start":{"line":4,"column":20},"end":{"line":4,"column":33}},"2":{"start":{"line":5,"column":20},"end":{"line":5,"column":37}},"3":{"start":{"line":6,"column":20},"end":{"line":6,"column":36}},"4":{"start":{"line":7,"column":20},"end":{"line":7,"column":31}},"5":{"start":{"line":8,"column":20},"end":{"line":8,"column":35}},"6":{"start":{"line":9,"column":20},"end":{"line":9,"column":35}},"7":{"start":{"line":1,"column":0},"end":{"line":1,"column":13}}},"fnMap":{"0":{"name":"(anonymous_0)","decl":{"start":{"line":2,"column":2},"end":{"line":2,"column":null}},"loc":{"start":{"line":9,"column":35},"end":{"line":10,"column":6}}}},"branchMap":{},"s":{"0":1931,"1":1931,"2":1931,"3":1931,"4":1931,"5":1931,"6":1931,"7":3},"f":{"0":1931},"b":{}}
,"/home/nicolas/Repositories/Personal/2025s2-property-based-testing/user-crud-app/src/users/domain/user.repository.ts": {"path":"/home/nicolas/Repositories/Personal/2025s2-property-based-testing/user-crud-app/src/users/domain/user.repository.ts","statementMap":{"0":{"start":{"line":26,"column":13},"end":{"line":26,"column":57}}},"fnMap":{},"branchMap":{},"s":{"0":2},"f":{},"b":{}}
,"/home/nicolas/Repositories/Personal/2025s2-property-based-testing/user-crud-app/src/users/infrastructure/prisma-user.repository.ts": {"path":"/home/nicolas/Repositories/Personal/2025s2-property-based-testing/user-crud-app/src/users/infrastructure/prisma-user.repository.ts","statementMap":{"0":{"start":{"line":1,"column":0},"end":{"line":1,"column":44}},"1":{"start":{"line":2,"column":0},"end":{"line":2,"column":45}},"2":{"start":{"line":8,"column":0},"end":{"line":8,"column":49}},"3":{"start":{"line":11,"column":7},"end":{"line":72,"column":null}},"4":{"start":{"line":12,"column":31},"end":{"line":12,"column":39}},"5":{"start":{"line":15,"column":17},"end":{"line":17,"column":6}},"6":{"start":{"line":19,"column":4},"end":{"line":19,"column":34}},"7":{"start":{"line":23,"column":18},"end":{"line":25,"column":6}},"8":{"start":{"line":27,"column":4},"end":{"line":27,"column":39}},"9":{"start":{"line":31,"column":17},"end":{"line":33,"column":6}},"10":{"start":{"line":35,"column":4},"end":{"line":35,"column":48}},"11":{"start":{"line":39,"column":17},"end":{"line":41,"column":6}},"12":{"start":{"line":43,"column":4},"end":{"line":43,"column":48}},"13":{"start":{"line":47,"column":17},"end":{"line":50,"column":6}},"14":{"start":{"line":52,"column":4},"end":{"line":52,"column":34}},"15":{"start":{"line":56,"column":4},"end":{"line":58,"column":7}},"16":{"start":{"line":62,"column":4},"end":{"line":70,"column":6}},"17":{"start":{"line":11,"column":13},"end":{"line":11,"column":33}},"18":{"start":{"line":11,"column":13},"end":{"line":72,"column":null}}},"fnMap":{"0":{"name":"(anonymous_2)","decl":{"start":{"line":12,"column":2},"end":{"line":12,"column":31}},"loc":{"start":{"line":12,"column":52},"end":{"line":12,"column":56}}},"1":{"name":"(anonymous_3)","decl":{"start":{"line":14,"column":2},"end":{"line":14,"column":7}},"loc":{"start":{"line":14,"column":35},"end":{"line":20,"column":3}}},"2":{"name":"(anonymous_4)","decl":{"start":{"line":22,"column":2},"end":{"line":22,"column":7}},"loc":{"start":{"line":22,"column":15},"end":{"line":28,"column":3}}},"3":{"name":"(anonymous_5)","decl":{"start":{"line":30,"column":2},"end":{"line":30,"column":7}},"loc":{"start":{"line":30,"column":27},"end":{"line":36,"column":3}}},"4":{"name":"(anonymous_6)","decl":{"start":{"line":38,"column":2},"end":{"line":38,"column":7}},"loc":{"start":{"line":38,"column":33},"end":{"line":44,"column":3}}},"5":{"name":"(anonymous_7)","decl":{"start":{"line":46,"column":2},"end":{"line":46,"column":7}},"loc":{"start":{"line":46,"column":47},"end":{"line":53,"column":3}}},"6":{"name":"(anonymous_8)","decl":{"start":{"line":55,"column":2},"end":{"line":55,"column":7}},"loc":{"start":{"line":55,"column":25},"end":{"line":59,"column":3}}},"7":{"name":"(anonymous_9)","decl":{"start":{"line":61,"column":10},"end":{"line":61,"column":21}},"loc":{"start":{"line":61,"column":31},"end":{"line":71,"column":3}}}},"branchMap":{"0":{"loc":{"start":{"line":35,"column":11},"end":{"line":35,"column":47}},"type":"cond-expr","locations":[{"start":{"line":35,"column":18},"end":{"line":35,"column":40}},{"start":{"line":35,"column":43},"end":{"line":35,"column":47}}]},"1":{"loc":{"start":{"line":43,"column":11},"end":{"line":43,"column":47}},"type":"cond-expr","locations":[{"start":{"line":43,"column":18},"end":{"line":43,"column":40}},{"start":{"line":43,"column":43},"end":{"line":43,"column":47}}]},"2":{"loc":{"start":{"line":12,"column":39},"end":{"line":12,"column":55}},"type":"cond-expr","locations":[{"start":{"line":12,"column":52},"end":{"line":12,"column":55}},{"start":{"line":12,"column":52},"end":{"line":12,"column":55}}]},"3":{"loc":{"start":{"line":12,"column":39},"end":{"line":12,"column":52}},"type":"binary-expr","locations":[{"start":{"line":12,"column":39},"end":{"line":12,"column":55}},{"start":{"line":12,"column":39},"end":{"line":12,"column":52}}]}},"s":{"0":0,"1":0,"2":0,"3":0,"4":0,"5":0,"6":0,"7":0,"8":0,"9":0,"10":0,"11":0,"12":0,"13":0,"14":0,"15":0,"16":0,"17":0,"18":0},"f":{"0":0,"1":0,"2":0,"3":0,"4":0,"5":0,"6":0,"7":0},"b":{"0":[0,0],"1":[0,0],"2":[0,0],"3":[0,0]}}
,"/home/nicolas/Repositories/Personal/2025s2-property-based-testing/user-crud-app/src/users/infrastructure/prisma.service.ts": {"path":"/home/nicolas/Repositories/Personal/2025s2-property-based-testing/user-crud-app/src/users/infrastructure/prisma.service.ts","statementMap":{"0":{"start":{"line":1,"column":0},"end":{"line":1,"column":75}},"1":{"start":{"line":2,"column":0},"end":{"line":2,"column":46}},"2":{"start":{"line":5,"column":7},"end":{"line":16,"column":null}},"3":{"start":{"line":10,"column":4},"end":{"line":10,"column":26}},"4":{"start":{"line":14,"column":4},"end":{"line":14,"column":29}},"5":{"start":{"line":5,"column":13},"end":{"line":5,"column":26}},"6":{"start":{"line":5,"column":13},"end":{"line":16,"column":null}}},"fnMap":{"0":{"name":"(anonymous_1)","decl":{"start":{"line":9,"column":2},"end":{"line":9,"column":7}},"loc":{"start":{"line":9,"column":20},"end":{"line":11,"column":3}}},"1":{"name":"(anonymous_2)","decl":{"start":{"line":13,"column":2},"end":{"line":13,"column":7}},"loc":{"start":{"line":13,"column":23},"end":{"line":15,"column":3}}}},"branchMap":{},"s":{"0":0,"1":0,"2":0,"3":0,"4":0,"5":0,"6":0},"f":{"0":0,"1":0},"b":{}}
,"/home/nicolas/Repositories/Personal/2025s2-property-based-testing/user-crud-app/src/users/presentation/user.controller.ts": {"path":"/home/nicolas/Repositories/Personal/2025s2-property-based-testing/user-crud-app/src/users/presentation/user.controller.ts","statementMap":{"0":{"start":{"line":1,"column":0},"end":{"line":1,"column":null}},"1":{"start":{"line":14,"column":0},"end":{"line":14,"column":null}},"2":{"start":{"line":21,"column":0},"end":{"line":21,"column":75}},"3":{"start":{"line":24,"column":7},"end":{"line":110,"column":null}},"4":{"start":{"line":26,"column":21},"end":{"line":26,"column":40}},"5":{"start":{"line":27,"column":21},"end":{"line":27,"column":41}},"6":{"start":{"line":28,"column":21},"end":{"line":28,"column":41}},"7":{"start":{"line":29,"column":21},"end":{"line":29,"column":40}},"8":{"start":{"line":30,"column":21},"end":{"line":30,"column":40}},"9":{"start":{"line":39,"column":4},"end":{"line":47,"column":5}},"10":{"start":{"line":40,"column":19},"end":{"line":40,"column":70}},"11":{"start":{"line":41,"column":6},"end":{"line":41,"column":38}},"12":{"start":{"line":43,"column":6},"end":{"line":46,"column":8}},"13":{"start":{"line":52,"column":18},"end":{"line":52,"column":57}},"14":{"start":{"line":53,"column":4},"end":{"line":53,"column":57}},"15":{"start":{"line":53,"column":31},"end":{"line":53,"column":55}},"16":{"start":{"line":58,"column":4},"end":{"line":66,"column":5}},"17":{"start":{"line":59,"column":19},"end":{"line":59,"column":60}},"18":{"start":{"line":60,"column":6},"end":{"line":60,"column":38}},"19":{"start":{"line":62,"column":6},"end":{"line":65,"column":8}},"20":{"start":{"line":75,"column":4},"end":{"line":83,"column":5}},"21":{"start":{"line":76,"column":19},"end":{"line":76,"column":74}},"22":{"start":{"line":77,"column":6},"end":{"line":77,"column":38}},"23":{"start":{"line":79,"column":6},"end":{"line":82,"column":8}},"24":{"start":{"line":89,"column":4},"end":{"line":96,"column":5}},"25":{"start":{"line":90,"column":6},"end":{"line":90,"column":47}},"26":{"start":{"line":92,"column":6},"end":{"line":95,"column":8}},"27":{"start":{"line":100,"column":4},"end":{"line":108,"column":6}},"28":{"start":{"line":24,"column":13},"end":{"line":24,"column":27}},"29":{"start":{"line":35,"column":8},"end":{"line":48,"column":null}},"30":{"start":{"line":51,"column":8},"end":{"line":54,"column":null}},"31":{"start":{"line":57,"column":8},"end":{"line":67,"column":null}},"32":{"start":{"line":70,"column":8},"end":{"line":84,"column":null}},"33":{"start":{"line":88,"column":8},"end":{"line":97,"column":null}},"34":{"start":{"line":24,"column":13},"end":{"line":110,"column":null}}},"fnMap":{"0":{"name":"(anonymous_4)","decl":{"start":{"line":25,"column":2},"end":{"line":25,"column":null}},"loc":{"start":{"line":30,"column":57},"end":{"line":31,"column":6}}},"1":{"name":"(anonymous_5)","decl":{"start":{"line":35,"column":8},"end":{"line":35,"column":14}},"loc":{"start":{"line":37,"column":32},"end":{"line":48,"column":3}}},"2":{"name":"(anonymous_6)","decl":{"start":{"line":51,"column":8},"end":{"line":51,"column":15}},"loc":{"start":{"line":51,"column":15},"end":{"line":54,"column":3}}},"3":{"name":"(anonymous_7)","decl":{"start":{"line":53,"column":21},"end":{"line":53,"column":22}},"loc":{"start":{"line":53,"column":31},"end":{"line":53,"column":55}}},"4":{"name":"(anonymous_8)","decl":{"start":{"line":57,"column":8},"end":{"line":57,"column":15}},"loc":{"start":{"line":57,"column":39},"end":{"line":67,"column":3}}},"5":{"name":"(anonymous_9)","decl":{"start":{"line":70,"column":8},"end":{"line":70,"column":14}},"loc":{"start":{"line":73,"column":32},"end":{"line":84,"column":3}}},"6":{"name":"(anonymous_10)","decl":{"start":{"line":88,"column":8},"end":{"line":88,"column":14}},"loc":{"start":{"line":88,"column":38},"end":{"line":97,"column":3}}},"7":{"name":"(anonymous_11)","decl":{"start":{"line":99,"column":10},"end":{"line":99,"column":23}},"loc":{"start":{"line":99,"column":33},"end":{"line":109,"column":3}}}},"branchMap":{"0":{"loc":{"start":{"line":44,"column":8},"end":{"line":44,"column":48}},"type":"binary-expr","locations":[{"start":{"line":44,"column":8},"end":{"line":44,"column":21}},{"start":{"line":44,"column":25},"end":{"line":44,"column":48}}]},"1":{"loc":{"start":{"line":63,"column":8},"end":{"line":63,"column":41}},"type":"binary-expr","locations":[{"start":{"line":63,"column":8},"end":{"line":63,"column":21}},{"start":{"line":63,"column":25},"end":{"line":63,"column":41}}]},"2":{"loc":{"start":{"line":80,"column":8},"end":{"line":80,"column":48}},"type":"binary-expr","locations":[{"start":{"line":80,"column":8},"end":{"line":80,"column":21}},{"start":{"line":80,"column":25},"end":{"line":80,"column":48}}]},"3":{"loc":{"start":{"line":93,"column":8},"end":{"line":93,"column":41}},"type":"binary-expr","locations":[{"start":{"line":93,"column":8},"end":{"line":93,"column":21}},{"start":{"line":93,"column":25},"end":{"line":93,"column":41}}]},"4":{"loc":{"start":{"line":37,"column":19},"end":{"line":37,"column":null}},"type":"cond-expr","locations":[{"start":{"line":37,"column":32},"end":{"line":37,"column":null}},{"start":{"line":37,"column":32},"end":{"line":37,"column":null}}]},"5":{"loc":{"start":{"line":37,"column":19},"end":{"line":37,"column":32}},"type":"binary-expr","locations":[{"start":{"line":37,"column":19},"end":{"line":37,"column":null}},{"start":{"line":37,"column":19},"end":{"line":37,"column":32}}]},"6":{"loc":{"start":{"line":38,"column":5},"end":{"line":38,"column":null}},"type":"cond-expr","locations":[{"start":{"line":38,"column":12},"end":{"line":38,"column":null}},{"start":{"line":38,"column":12},"end":{"line":38,"column":null}}]},"7":{"loc":{"start":{"line":38,"column":5},"end":{"line":38,"column":12}},"type":"binary-expr","locations":[{"start":{"line":38,"column":5},"end":{"line":38,"column":null}},{"start":{"line":38,"column":5},"end":{"line":38,"column":12}}]},"8":{"loc":{"start":{"line":51,"column":19},"end":{"line":51,"column":null}},"type":"cond-expr","locations":[{"start":{"line":51,"column":26},"end":{"line":51,"column":null}},{"start":{"line":51,"column":26},"end":{"line":51,"column":null}}]},"9":{"loc":{"start":{"line":51,"column":19},"end":{"line":51,"column":26}},"type":"binary-expr","locations":[{"start":{"line":51,"column":19},"end":{"line":51,"column":null}},{"start":{"line":51,"column":19},"end":{"line":51,"column":26}}]},"10":{"loc":{"start":{"line":57,"column":42},"end":{"line":57,"column":null}},"type":"cond-expr","locations":[{"start":{"line":57,"column":49},"end":{"line":57,"column":null}},{"start":{"line":57,"column":49},"end":{"line":57,"column":null}}]},"11":{"loc":{"start":{"line":57,"column":42},"end":{"line":57,"column":49}},"type":"binary-expr","locations":[{"start":{"line":57,"column":42},"end":{"line":57,"column":null}},{"start":{"line":57,"column":42},"end":{"line":57,"column":49}}]},"12":{"loc":{"start":{"line":73,"column":19},"end":{"line":73,"column":null}},"type":"cond-expr","locations":[{"start":{"line":73,"column":32},"end":{"line":73,"column":null}},{"start":{"line":73,"column":32},"end":{"line":73,"column":null}}]},"13":{"loc":{"start":{"line":73,"column":19},"end":{"line":73,"column":32}},"type":"binary-expr","locations":[{"start":{"line":73,"column":19},"end":{"line":73,"column":null}},{"start":{"line":73,"column":19},"end":{"line":73,"column":32}}]},"14":{"loc":{"start":{"line":74,"column":5},"end":{"line":74,"column":null}},"type":"cond-expr","locations":[{"start":{"line":74,"column":12},"end":{"line":74,"column":null}},{"start":{"line":74,"column":12},"end":{"line":74,"column":null}}]},"15":{"loc":{"start":{"line":74,"column":5},"end":{"line":74,"column":12}},"type":"binary-expr","locations":[{"start":{"line":74,"column":5},"end":{"line":74,"column":null}},{"start":{"line":74,"column":5},"end":{"line":74,"column":12}}]},"16":{"loc":{"start":{"line":88,"column":41},"end":{"line":88,"column":null}},"type":"cond-expr","locations":[{"start":{"line":88,"column":48},"end":{"line":88,"column":null}},{"start":{"line":88,"column":48},"end":{"line":88,"column":null}}]},"17":{"loc":{"start":{"line":88,"column":41},"end":{"line":88,"column":48}},"type":"binary-expr","locations":[{"start":{"line":88,"column":41},"end":{"line":88,"column":null}},{"start":{"line":88,"column":41},"end":{"line":88,"column":48}}]},"18":{"loc":{"start":{"line":26,"column":40},"end":{"line":26,"column":null}},"type":"cond-expr","locations":[{"start":{"line":26,"column":57},"end":{"line":26,"column":null}},{"start":{"line":26,"column":57},"end":{"line":26,"column":null}}]},"19":{"loc":{"start":{"line":26,"column":40},"end":{"line":26,"column":57}},"type":"binary-expr","locations":[{"start":{"line":26,"column":40},"end":{"line":26,"column":null}},{"start":{"line":26,"column":40},"end":{"line":26,"column":57}}]},"20":{"loc":{"start":{"line":26,"column":57},"end":{"line":27,"column":null}},"type":"cond-expr","locations":[{"start":{"line":27,"column":59},"end":{"line":27,"column":null}},{"start":{"line":27,"column":59},"end":{"line":27,"column":null}}]},"21":{"loc":{"start":{"line":26,"column":57},"end":{"line":27,"column":59}},"type":"binary-expr","locations":[{"start":{"line":26,"column":57},"end":{"line":27,"column":null}},{"start":{"line":27,"column":41},"end":{"line":27,"column":59}}]},"22":{"loc":{"start":{"line":27,"column":59},"end":{"line":28,"column":null}},"type":"cond-expr","locations":[{"start":{"line":28,"column":59},"end":{"line":28,"column":null}},{"start":{"line":28,"column":59},"end":{"line":28,"column":null}}]},"23":{"loc":{"start":{"line":27,"column":59},"end":{"line":28,"column":59}},"type":"binary-expr","locations":[{"start":{"line":27,"column":59},"end":{"line":28,"column":null}},{"start":{"line":28,"column":41},"end":{"line":28,"column":59}}]},"24":{"loc":{"start":{"line":28,"column":59},"end":{"line":29,"column":null}},"type":"cond-expr","locations":[{"start":{"line":29,"column":57},"end":{"line":29,"column":null}},{"start":{"line":29,"column":57},"end":{"line":29,"column":null}}]},"25":{"loc":{"start":{"line":28,"column":59},"end":{"line":29,"column":57}},"type":"binary-expr","locations":[{"start":{"line":28,"column":59},"end":{"line":29,"column":null}},{"start":{"line":29,"column":40},"end":{"line":29,"column":57}}]},"26":{"loc":{"start":{"line":29,"column":57},"end":{"line":30,"column":null}},"type":"cond-expr","locations":[{"start":{"line":30,"column":57},"end":{"line":30,"column":null}},{"start":{"line":30,"column":57},"end":{"line":30,"column":null}}]},"27":{"loc":{"start":{"line":29,"column":57},"end":{"line":30,"column":57}},"type":"binary-expr","locations":[{"start":{"line":29,"column":57},"end":{"line":30,"column":null}},{"start":{"line":30,"column":40},"end":{"line":30,"column":57}}]}},"s":{"0":0,"1":0,"2":0,"3":0,"4":0,"5":0,"6":0,"7":0,"8":0,"9":0,"10":0,"11":0,"12":0,"13":0,"14":0,"15":0,"16":0,"17":0,"18":0,"19":0,"20":0,"21":0,"22":0,"23":0,"24":0,"25":0,"26":0,"27":0,"28":0,"29":0,"30":0,"31":0,"32":0,"33":0,"34":0},"f":{"0":0,"1":0,"2":0,"3":0,"4":0,"5":0,"6":0,"7":0},"b":{"0":[0,0],"1":[0,0],"2":[0,0],"3":[0,0],"4":[0,0],"5":[0,0],"6":[0,0],"7":[0,0],"8":[0,0],"9":[0,0],"10":[0,0],"11":[0,0],"12":[0,0],"13":[0,0],"14":[0,0],"15":[0,0],"16":[0,0],"17":[0,0],"18":[0,0],"19":[0,0],"20":[0,0],"21":[0,0],"22":[0,0],"23":[0,0],"24":[0,0],"25":[0,0],"26":[0,0],"27":[0,0]}}
,"/home/nicolas/Repositories/Personal/2025s2-property-based-testing/user-crud-app/src/users/presentation/user.dto.ts": {"path":"/home/nicolas/Repositories/Personal/2025s2-property-based-testing/user-crud-app/src/users/presentation/user.dto.ts","statementMap":{"0":{"start":{"line":1,"column":0},"end":{"line":1,"column":88}},"1":{"start":{"line":3,"column":0},"end":{"line":3,"column":13}},"2":{"start":{"line":6,"column":2},"end":{"line":6,"column":null}},"3":{"start":{"line":10,"column":2},"end":{"line":10,"column":null}},"4":{"start":{"line":14,"column":2},"end":{"line":14,"column":null}},"5":{"start":{"line":18,"column":2},"end":{"line":18,"column":null}},"6":{"start":{"line":21,"column":0},"end":{"line":21,"column":13}},"7":{"start":{"line":24,"column":2},"end":{"line":24,"column":null}},"8":{"start":{"line":28,"column":2},"end":{"line":28,"column":null}},"9":{"start":{"line":32,"column":2},"end":{"line":32,"column":null}},"10":{"start":{"line":37,"column":2},"end":{"line":37,"column":null}},"11":{"start":{"line":40,"column":0},"end":{"line":40,"column":13}}},"fnMap":{},"branchMap":{},"s":{"0":1,"1":1,"2":1,"3":1,"4":1,"5":1,"6":1,"7":1,"8":1,"9":1,"10":1,"11":1},"f":{},"b":{}}
}
